c:\users\eezhe\downloads\gpp\practical\assignment\gpp\gpp\release\vc141.pdb
c:\users\eezhe\downloads\gpp\practical\assignment\gpp\gpp\release\textdx.obj
c:\users\eezhe\downloads\gpp\practical\assignment\gpp\gpp\release\tank.obj
c:\users\eezhe\downloads\gpp\practical\assignment\gpp\gpp\release\start.obj
c:\users\eezhe\downloads\gpp\practical\assignment\gpp\gpp\release\spitterbullet.obj
c:\users\eezhe\downloads\gpp\practical\assignment\gpp\gpp\release\spitter.obj
c:\users\eezhe\downloads\gpp\practical\assignment\gpp\gpp\release\player.obj
c:\users\eezhe\downloads\gpp\practical\assignment\gpp\gpp\release\playerhealth.obj
c:\users\eezhe\downloads\gpp\practical\assignment\gpp\gpp\release\lose.obj
c:\users\eezhe\downloads\gpp\practical\assignment\gpp\gpp\release\instruction.obj
c:\users\eezhe\downloads\gpp\practical\assignment\gpp\gpp\release\bullet.obj
c:\users\eezhe\downloads\gpp\practical\assignment\gpp\gpp\release\input.obj
c:\users\eezhe\downloads\gpp\practical\assignment\gpp\gpp\release\image.obj
c:\users\eezhe\downloads\gpp\practical\assignment\gpp\gpp\release\graphics.obj
c:\users\eezhe\downloads\gpp\practical\assignment\gpp\gpp\release\game.obj
c:\users\eezhe\downloads\gpp\practical\assignment\gpp\gpp\release\entity.obj
c:\users\eezhe\downloads\gpp\practical\assignment\gpp\gpp\release\bossshield.obj
c:\users\eezhe\downloads\gpp\practical\assignment\gpp\gpp\release\bosscannon.obj
c:\users\eezhe\downloads\gpp\practical\assignment\gpp\gpp\release\boss.obj
c:\users\eezhe\downloads\gpp\practical\assignment\gpp\gpp\release\audio.obj
c:\users\eezhe\downloads\gpp\practical\assignment\gpp\gpp\release\astar.obj
c:\users\eezhe\downloads\gpp\practical\assignment\gpp\gpp\release\zombie.obj
c:\users\eezhe\downloads\gpp\practical\assignment\gpp\gpp\release\winmain.obj
c:\users\eezhe\downloads\gpp\practical\assignment\gpp\gpp\release\win.obj
c:\users\eezhe\downloads\gpp\practical\assignment\gpp\gpp\release\wall.obj
c:\users\eezhe\downloads\gpp\practical\assignment\gpp\gpp\release\texturemanager.obj
c:\users\eezhe\downloads\gpp\practical\assignment\gpp\gpp\release\dontdie.obj
c:\users\eezhe\downloads\gpp\practical\assignment\gpp\gpp\release\threecsdx.exe
c:\users\eezhe\downloads\gpp\practical\assignment\gpp\gpp\release\threecsdx.pdb
c:\users\eezhe\downloads\gpp\practical\assignment\gpp\gpp\release\threecsdx.ipdb
c:\users\eezhe\downloads\gpp\practical\assignment\gpp\gpp\release\threecsdx.iobj
c:\users\eezhe\downloads\gpp\practical\assignment\gpp\gpp\release\threecsdx.tlog\cl.command.1.tlog
c:\users\eezhe\downloads\gpp\practical\assignment\gpp\gpp\release\threecsdx.tlog\cl.read.1.tlog
c:\users\eezhe\downloads\gpp\practical\assignment\gpp\gpp\release\threecsdx.tlog\cl.write.1.tlog
c:\users\eezhe\downloads\gpp\practical\assignment\gpp\gpp\release\threecsdx.tlog\link.command.1.tlog
c:\users\eezhe\downloads\gpp\practical\assignment\gpp\gpp\release\threecsdx.tlog\link.read.1.tlog
c:\users\eezhe\downloads\gpp\practical\assignment\gpp\gpp\release\threecsdx.tlog\link.write.1.tlog
c:\users\eezhe\downloads\gpp\practical\assignment\gpp\gpp\release\threecsdx.tlog\threecsdx.write.1u.tlog
